2025-05-21 08:46:09,429 - INFO - Traitement du fichier PDF : data/S4.pdf
2025-05-21 08:46:09,440 - INFO - Données exportées en JSON : S4.json
2025-05-21 08:46:09,440 - INFO - Traitement terminé avec succès.
2025-05-21 13:22:31,492 - INFO - Traitement du fichier PDF : data/S4.pdf
2025-05-21 13:22:31,502 - INFO - Données exportées en JSON : S4teste.json
2025-05-21 13:22:31,502 - INFO - Traitement terminé avec succès.
2025-05-21 13:23:15,437 - INFO - Traitement du fichier PDF : data/S4.pdf
2025-05-21 13:23:15,446 - INFO - Données exportées en JSON : S4.json
2025-05-21 13:23:15,447 - INFO - Traitement terminé avec succès.
2025-05-21 13:23:21,426 - INFO - Traitement du fichier PDF : data/S3.pdf
2025-05-21 13:23:21,439 - INFO - Données exportées en JSON : S3.json
2025-05-21 13:23:21,439 - INFO - Traitement terminé avec succès.
2025-05-21 13:24:45,542 - INFO - Traitement du fichier PDF : data/S3.pdf
2025-05-21 13:24:45,554 - INFO - Données exportées en JSON : S3.json
2025-05-21 13:24:45,554 - INFO - Traitement terminé avec succès.
2025-05-21 13:24:47,125 - INFO - Traitement du fichier PDF : data/S4.pdf
2025-05-21 13:24:47,137 - INFO - Données exportées en JSON : S4.json
2025-05-21 13:24:47,137 - INFO - Traitement terminé avec succès.
2025-05-21 13:25:44,591 - INFO - Traitement du fichier PDF : data/S4.pdf
2025-05-21 13:25:44,599 - INFO - Données exportées en JSON : S4.json
2025-05-21 13:25:44,599 - INFO - Traitement terminé avec succès.
2025-05-21 13:26:11,195 - INFO - Traitement du fichier PDF : data/S3.pdf
2025-05-21 13:26:11,207 - INFO - Données exportées en JSON : S3.json
2025-05-21 13:26:11,207 - INFO - Traitement terminé avec succès.
2025-05-22 08:03:30,736 - INFO - Traitement du fichier PDF : data/S1.pdf
2025-05-22 08:03:30,755 - INFO - Données exportées en JSON : S1.json
2025-05-22 08:03:30,755 - INFO - Traitement terminé avec succès.
2025-05-22 08:03:36,338 - INFO - Traitement du fichier PDF : data/S2.pdf
2025-05-22 08:03:36,351 - INFO - Données exportées en JSON : S2.json
2025-05-22 08:03:36,351 - INFO - Traitement terminé avec succès.
2025-06-02 08:24:10,375 - INFO - Traitement du fichier PDF : data/S4.pdf
2025-06-02 08:24:10,386 - INFO - Données exportées en JSON : S4-2.json
2025-06-02 08:24:10,386 - INFO - Traitement terminé avec succès.
2025-06-17 18:01:14,813 - INFO - Traitement du fichier PDF : data/S4.pdf
2025-06-17 18:01:14,824 - INFO - Données exportées en JSON : S4.json
2025-06-17 18:01:14,824 - INFO - Traitement terminé avec succès.
2025-06-18 09:33:31,788 - INFO - Traitement du fichier PDF : data/S4.pdf
2025-06-18 09:33:31,798 - INFO - Données exportées en JSON : S4.json
2025-06-18 09:33:31,798 - INFO - Traitement terminé avec succès.
2025-06-18 10:01:45,487 - ERROR - Le fichier spécifié n'existe pas : data/S4-t.pdf
2025-06-18 10:02:12,181 - ERROR - Le fichier spécifié n'existe pas : data/S4-t.pdf
2025-06-18 10:03:37,367 - INFO - Traitement du fichier PDF : data/S4-t.pdf
2025-06-18 10:03:37,377 - INFO - Données exportées en JSON : S4-t.json
2025-06-18 10:03:37,377 - INFO - Traitement terminé avec succès.
2025-06-18 10:04:27,444 - INFO - Traitement du fichier PDF : data/S4-t.pdf
2025-06-18 10:04:27,454 - INFO - Données exportées en JSON : S4-t.json
2025-06-18 10:04:27,454 - INFO - Traitement terminé avec succès.
2025-06-18 10:08:35,469 - INFO - Traitement du fichier PDF : data/S4-t.pdf
2025-06-18 10:08:35,480 - INFO - Données exportées en JSON : S4-t.json
2025-06-18 10:08:35,480 - INFO - Traitement terminé avec succès.
2025-06-18 10:12:19,013 - INFO - Traitement du fichier PDF : data/S4-t.pdf
2025-06-18 10:12:19,023 - INFO - Données exportées en JSON : S4-t.json
2025-06-18 10:12:19,024 - INFO - Traitement terminé avec succès.
2025-06-18 10:14:37,783 - INFO - Traitement du fichier PDF : data/S4-t.pdf
2025-06-18 10:14:37,793 - INFO - Données exportées en JSON : S4-t.json
2025-06-18 10:14:37,793 - INFO - Traitement terminé avec succès.
2025-06-18 10:14:56,611 - INFO - Traitement du fichier PDF : data/S4-t.pdf
2025-06-18 10:14:56,621 - INFO - Données exportées en JSON : S4-t.json
2025-06-18 10:14:56,621 - INFO - Traitement terminé avec succès.
2025-06-18 10:31:02,907 - INFO - Traitement du fichier PDF : data/S4-t.pdf
2025-06-18 10:31:02,916 - INFO - Données exportées en JSON : S4-t.json
2025-06-18 10:31:02,917 - INFO - Traitement terminé avec succès.
2025-06-23 23:16:38,470 - ERROR - Le fichier spécifié n'existe pas : data/S4.pdf
2025-06-23 22:21:31,369 - INFO - Traitement du fichier PDF : data/S4.pdf
2025-06-23 22:21:31,381 - INFO - Données exportées en JSON : json/S4.json
2025-06-23 22:21:31,381 - INFO - Traitement terminé avec succès.
2025-06-23 22:22:32,720 - INFO - Traitement du fichier PDF : data/S4.pdf
2025-06-23 22:22:32,730 - INFO - Données exportées en JSON : json/S4.json
2025-06-23 22:22:32,730 - INFO - Traitement terminé avec succès.
2025-06-23 22:29:46,003 - INFO - Traitement du fichier PDF : data/S4.pdf
2025-06-23 22:29:46,013 - INFO - Données exportées en JSON : json/S4.json
2025-06-23 22:29:46,013 - INFO - Traitement terminé avec succès.
2025-06-23 22:30:11,828 - INFO - Traitement du fichier PDF : data/S4.pdf
2025-06-23 22:30:11,839 - INFO - Données exportées en JSON : json/S4.json
2025-06-23 22:30:11,839 - INFO - Traitement terminé avec succès.
2025-06-23 22:36:43,103 - INFO - Traitement du fichier PDF : data/S4.pdf
2025-06-23 22:36:43,113 - INFO - Données exportées en JSON : json/S4.json
2025-06-23 22:36:43,113 - INFO - Traitement terminé avec succès.
2025-06-24 11:12:58,490 - INFO - Traitement du fichier PDF : data/S4.pdf
2025-06-24 11:12:58,499 - INFO - Données exportées en JSON : json/S4.json
2025-06-24 11:12:58,499 - INFO - Traitement terminé avec succès.
2025-06-24 14:00:58,516 - INFO - Traitement du fichier PDF : data/S4.pdf
2025-06-24 14:00:58,525 - INFO - Données exportées en JSON : json/S4.json
2025-06-24 14:00:58,525 - INFO - Traitement terminé avec succès.
2025-07-02 09:01:05,405 - INFO - Traitement du fichier PDF : data/S4.pdf
2025-07-02 09:01:05,415 - INFO - Données exportées en JSON : json/S4.json
2025-07-02 09:01:05,415 - INFO - Traitement terminé avec succès.
2025-07-02 09:22:44,612 - INFO - Traitement du fichier PDF : data/S4.pdf
2025-07-02 09:22:44,622 - INFO - Données exportées en JSON : json/S4.json
2025-07-02 09:22:44,622 - INFO - Traitement terminé avec succès.
2025-07-06 15:37:12,523 - INFO - Traitement du fichier PDF : data/S4.pdf
2025-07-06 15:37:12,533 - INFO - Données exportées en JSON : json/S4.json
2025-07-06 15:37:12,533 - INFO - Traitement terminé avec succès.
2025-07-06 15:44:10,076 - INFO - Traitement du fichier PDF : data/S4.pdf
2025-07-06 15:47:05,669 - INFO - Traitement du fichier PDF : data/S4.pdf
2025-07-06 15:47:05,679 - INFO - Données exportées en JSON : json/S4.json
2025-07-06 15:47:05,679 - INFO - Traitement terminé avec succès.
2025-07-06 17:00:04,666 - INFO - Traitement du fichier PDF : data/S4.pdf
2025-07-06 17:00:04,676 - INFO - Données exportées en JSON : json/S4.json
2025-07-06 17:00:04,677 - INFO - Traitement terminé avec succès.
2025-07-06 17:02:04,146 - INFO - Traitement du fichier PDF : data/S4.pdf
2025-07-06 17:03:09,551 - INFO - Traitement du fichier PDF : data/S4.pdf
2025-07-06 17:03:09,562 - INFO - Données exportées en JSON : /app/shared-notes/S4_.json
2025-07-06 17:03:09,562 - INFO - Traitement terminé avec succès.
2025-07-06 17:05:00,110 - INFO - Traitement du fichier PDF : data/S4.pdf
2025-07-06 17:05:56,400 - INFO - Traitement du fichier PDF : data/S4.pdf
2025-07-06 17:07:18,393 - INFO - Traitement du fichier PDF : data/S4.pdf
2025-07-06 17:08:23,410 - INFO - Traitement du fichier PDF : data/S4.pdf
2025-07-06 17:08:23,421 - INFO - Données exportées en JSON : json/S4.json
2025-07-06 17:08:23,421 - INFO - Traitement terminé avec succès.
2025-07-06 17:09:38,060 - INFO - Traitement du fichier PDF : data/S4.pdf
2025-07-06 17:09:38,071 - INFO - Données exportées en JSON : json/S4.json
2025-07-06 17:09:38,071 - INFO - Traitement terminé avec succès.
2025-07-06 17:12:56,699 - INFO - Traitement du fichier PDF : data/S4.pdf
2025-07-06 17:12:56,710 - INFO - Données exportées en JSON : json/S4.json
2025-07-06 17:12:56,710 - INFO - Traitement terminé avec succès.
2025-07-06 17:14:36,820 - INFO - Traitement du fichier PDF : data/S4.pdf
2025-07-06 17:14:36,833 - INFO - Données exportées en JSON : json/S4.json
2025-07-06 17:14:36,833 - INFO - Traitement terminé avec succès.
2025-07-06 17:15:38,308 - INFO - Traitement du fichier PDF : data/S4.pdf
2025-07-06 17:15:38,318 - INFO - Données exportées en JSON : json/S4.json
2025-07-06 17:15:38,318 - INFO - Traitement terminé avec succès.
2025-07-06 17:20:13,957 - INFO - Traitement du fichier PDF : data/S4.pdf
2025-07-06 17:20:13,967 - INFO - Données exportées en JSON : json/S4.json
2025-07-06 17:20:13,967 - INFO - Traitement terminé avec succès.
2025-07-06 17:23:23,078 - INFO - Traitement du fichier PDF : data/S4.pdf
2025-07-06 17:23:23,089 - INFO - Données exportées en JSON : json/S4.json
2025-07-06 17:23:23,089 - INFO - Traitement terminé avec succès.
2025-07-06 21:58:24,120 - INFO - Traitement du fichier PDF : data/S4.pdf
2025-07-06 21:58:24,130 - INFO - Données exportées en JSON : json/S4.json
2025-07-06 21:58:24,130 - INFO - Traitement terminé avec succès.
2025-07-06 22:04:37,076 - INFO - Traitement du fichier PDF : data/S4.pdf
2025-07-06 22:04:37,087 - INFO - Données exportées en JSON : json/S4.json
2025-07-06 22:04:37,087 - INFO - Traitement terminé avec succès.
